<?xml version="1.0" encoding="UTF-8"?>
<!-- Generated by org.testng.reporters.JUnitXMLReporter -->
<testsuite hostname="LAPTOP-R9R040UG" ignored="0" name="Default test" tests="3" failures="0" timestamp="16 Nov 2019 07:35:46 GMT" time="87.495" errors="0">
  <testcase name="Test1" time="24.812" classname="com.test.maven.test1"/>
  <testcase name="Test2" time="5.462" classname="com.test.maven.test1"/>
  <testcase name="Test3" time="9.204" classname="com.test.maven.test1"/>
</testsuite> <!-- Default test -->
