<?xml version="1.0" encoding="UTF-8"?>
<!-- Generated by org.testng.reporters.JUnitXMLReporter -->
<testsuite hostname="LAPTOP-R9R040UG" ignored="0" name="Default test" tests="3" failures="0" timestamp="19 Nov 2019 05:12:50 GMT" time="110.066" errors="0">
  <testcase name="Test1" time="12.487" classname="com.test.maven.TestGrid"/>
  <testcase name="Test2" time="7.067" classname="com.test.maven.TestGrid"/>
  <testcase name="Test3" time="22.959" classname="com.test.maven.TestGrid"/>
</testsuite> <!-- Default test -->
