<?xml version="1.0" encoding="UTF-8"?>
<!-- Generated by org.testng.reporters.JUnitXMLReporter -->
<testsuite hostname="LAPTOP-R9R040UG" ignored="0" name="Test" tests="6" failures="0" timestamp="18 Nov 2019 12:01:15 GMT" time="116.81" errors="0">
  <testcase name="Test1" time="8.651" classname="com.test.maven.test1"/>
  <testcase name="Test2" time="1.845" classname="com.test.maven.test1"/>
  <testcase name="Test3" time="7.549" classname="com.test.maven.test1"/>
  <testcase name="Test1" time="21.099" classname="com.test.maven.test2"/>
  <testcase name="Test2" time="5.019" classname="com.test.maven.test2"/>
  <testcase name="Test3" time="3.941" classname="com.test.maven.test2"/>
</testsuite> <!-- Test -->
