<?xml version="1.0" encoding="UTF-8"?>
<!-- Generated by org.testng.reporters.JUnitXMLReporter -->
<testsuite hostname="LAPTOP-R9R040UG" ignored="0" name="Test" tests="6" failures="0" timestamp="18 Nov 2019 12:23:54 GMT" time="115.111" errors="0">
  <testcase name="Test1" time="13.935" classname="com.test.maven.test1"/>
  <testcase name="Test2" time="1.579" classname="com.test.maven.test1"/>
  <testcase name="Test3" time="7.524" classname="com.test.maven.test1"/>
  <testcase name="Test1" time="15.212" classname="com.test.maven.test2"/>
  <testcase name="Test2" time="3.651" classname="com.test.maven.test2"/>
  <testcase name="Test3" time="5.771" classname="com.test.maven.test2"/>
</testsuite> <!-- Test -->
