<?xml version="1.0" encoding="UTF-8"?>
<testsuite xmlns:xsi="http://www.w3.org/2001/XMLSchema-instance" xsi:noNamespaceSchemaLocation="https://maven.apache.org/surefire/maven-surefire-plugin/xsd/surefire-test-report.xsd" name="TestSuite" time="52.994" tests="3" errors="0" skipped="0" failures="0">
  <properties>
[...]
</properties>
  <testcase name="Test1" classname="com.test.maven.test1" time="9.799"/>
  <testcase name="Test2" classname="com.test.maven.test1" time="1.296"/>
  <testcase name="Test3" classname="com.test.maven.test1" time="7.453"/>
</testsuite>