<?xml version="1.0" encoding="UTF-8"?>
<testng-results skipped="0" failed="0" ignored="0" total="6" passed="6">
  <reporter-output>
  </reporter-output>
  <suite name="Suite" duration-ms="115111" started-at="2019-11-18T12:21:59Z" finished-at="2019-11-18T12:23:54Z">
    <groups>
    </groups>
    <test name="Test" duration-ms="115111" started-at="2019-11-18T12:21:59Z" finished-at="2019-11-18T12:23:54Z">
      <class name="com.test.maven.test2">
        <test-method status="PASS" signature="launchDriver()[pri:0, instance:com.test.maven.test2@57e1b0c]" name="launchDriver" is-config="true" duration-ms="9566" started-at="2019-11-18T17:52:57Z" finished-at="2019-11-18T17:53:06Z">
          <reporter-output>
          </reporter-output>
        </test-method> <!-- launchDriver -->
        <test-method status="PASS" signature="Test1()[pri:0, instance:com.test.maven.test2@57e1b0c]" name="Test1" duration-ms="15212" started-at="2019-11-18T17:53:06Z" finished-at="2019-11-18T17:53:22Z">
          <reporter-output>
          </reporter-output>
        </test-method> <!-- Test1 -->
        <test-method status="PASS" signature="quit()[pri:0, instance:com.test.maven.test2@57e1b0c]" name="quit" is-config="true" duration-ms="1115" started-at="2019-11-18T17:53:22Z" finished-at="2019-11-18T17:53:23Z">
          <reporter-output>
          </reporter-output>
        </test-method> <!-- quit -->
        <test-method status="PASS" signature="launchDriver()[pri:0, instance:com.test.maven.test2@57e1b0c]" name="launchDriver" is-config="true" duration-ms="9729" started-at="2019-11-18T17:53:23Z" finished-at="2019-11-18T17:53:32Z">
          <reporter-output>
          </reporter-output>
        </test-method> <!-- launchDriver -->
        <test-method status="PASS" signature="Test2()[pri:0, instance:com.test.maven.test2@57e1b0c]" name="Test2" duration-ms="3651" started-at="2019-11-18T17:53:32Z" finished-at="2019-11-18T17:53:36Z">
          <reporter-output>
          </reporter-output>
        </test-method> <!-- Test2 -->
        <test-method status="PASS" signature="quit()[pri:0, instance:com.test.maven.test2@57e1b0c]" name="quit" is-config="true" duration-ms="1029" started-at="2019-11-18T17:53:36Z" finished-at="2019-11-18T17:53:37Z">
          <reporter-output>
          </reporter-output>
        </test-method> <!-- quit -->
        <test-method status="PASS" signature="launchDriver()[pri:0, instance:com.test.maven.test2@57e1b0c]" name="launchDriver" is-config="true" duration-ms="9549" started-at="2019-11-18T17:53:37Z" finished-at="2019-11-18T17:53:47Z">
          <reporter-output>
          </reporter-output>
        </test-method> <!-- launchDriver -->
        <test-method status="PASS" signature="Test3()[pri:0, instance:com.test.maven.test2@57e1b0c]" name="Test3" duration-ms="5771" started-at="2019-11-18T17:53:47Z" finished-at="2019-11-18T17:53:52Z">
          <reporter-output>
          </reporter-output>
        </test-method> <!-- Test3 -->
        <test-method status="PASS" signature="quit()[pri:0, instance:com.test.maven.test2@57e1b0c]" name="quit" is-config="true" duration-ms="1355" started-at="2019-11-18T17:53:52Z" finished-at="2019-11-18T17:53:54Z">
          <reporter-output>
          </reporter-output>
        </test-method> <!-- quit -->
      </class> <!-- com.test.maven.test2 -->
      <class name="com.test.maven.test1">
        <test-method status="PASS" signature="launchDriver()[pri:0, instance:com.test.maven.test1@2781e022]" name="launchDriver" is-config="true" duration-ms="10959" started-at="2019-11-18T17:51:59Z" finished-at="2019-11-18T17:52:10Z">
          <reporter-output>
          </reporter-output>
        </test-method> <!-- launchDriver -->
        <test-method status="PASS" signature="Test1()[pri:0, instance:com.test.maven.test1@2781e022]" name="Test1" duration-ms="13935" started-at="2019-11-18T17:52:10Z" finished-at="2019-11-18T17:52:24Z">
          <reporter-output>
          </reporter-output>
        </test-method> <!-- Test1 -->
        <test-method status="PASS" signature="quit()[pri:0, instance:com.test.maven.test1@2781e022]" name="quit" is-config="true" duration-ms="2068" started-at="2019-11-18T17:52:24Z" finished-at="2019-11-18T17:52:26Z">
          <reporter-output>
          </reporter-output>
        </test-method> <!-- quit -->
        <test-method status="PASS" signature="launchDriver()[pri:0, instance:com.test.maven.test1@2781e022]" name="launchDriver" is-config="true" duration-ms="9999" started-at="2019-11-18T17:52:26Z" finished-at="2019-11-18T17:52:36Z">
          <reporter-output>
          </reporter-output>
        </test-method> <!-- launchDriver -->
        <test-method status="PASS" signature="Test2()[pri:0, instance:com.test.maven.test1@2781e022]" name="Test2" duration-ms="1579" started-at="2019-11-18T17:52:36Z" finished-at="2019-11-18T17:52:37Z">
          <reporter-output>
          </reporter-output>
        </test-method> <!-- Test2 -->
        <test-method status="PASS" signature="quit()[pri:0, instance:com.test.maven.test1@2781e022]" name="quit" is-config="true" duration-ms="1375" started-at="2019-11-18T17:52:37Z" finished-at="2019-11-18T17:52:39Z">
          <reporter-output>
          </reporter-output>
        </test-method> <!-- quit -->
        <test-method status="PASS" signature="launchDriver()[pri:0, instance:com.test.maven.test1@2781e022]" name="launchDriver" is-config="true" duration-ms="9668" started-at="2019-11-18T17:52:39Z" finished-at="2019-11-18T17:52:48Z">
          <reporter-output>
          </reporter-output>
        </test-method> <!-- launchDriver -->
        <test-method status="PASS" signature="Test3()[pri:0, instance:com.test.maven.test1@2781e022]" name="Test3" duration-ms="7524" started-at="2019-11-18T17:52:48Z" finished-at="2019-11-18T17:52:56Z">
          <reporter-output>
          </reporter-output>
        </test-method> <!-- Test3 -->
        <test-method status="PASS" signature="quit()[pri:0, instance:com.test.maven.test1@2781e022]" name="quit" is-config="true" duration-ms="994" started-at="2019-11-18T17:52:56Z" finished-at="2019-11-18T17:52:57Z">
          <reporter-output>
          </reporter-output>
        </test-method> <!-- quit -->
      </class> <!-- com.test.maven.test1 -->
    </test> <!-- Test -->
  </suite> <!-- Suite -->
</testng-results>
